<?xml version="1.0" encoding="UTF-8"?>
<!-- Generated by org.testng.reporters.JUnitReportReporter -->
<testsuite hostname="DESKTOP-JVT8TRH" failures="0" tests="4" name="Testings" time="0.315" errors="0" timestamp="2024-08-28T08:19:41 PDT" skipped="0">
  <testcase classname="Testings" name="Add" time="0.120"/>
  <system-out/>
  <testcase classname="Testings" name="Update" time="0.069"/>
  <system-out/>
  <testcase classname="Testings" name="git_data" time="0.064"/>
  <system-out/>
  <testcase classname="Testings" name="Delete" time="0.062"/>
  <system-out/>
</testsuite> <!-- Testings -->
