<?xml version="1.0" encoding="UTF-8"?>
<!-- Generated by org.testng.reporters.JUnitReportReporter -->
<testsuite hostname="DESKTOP-JVT8TRH" failures="0" tests="8" name="Testings" time="1.074" errors="0" timestamp="2024-08-28T08:27:36 PDT" skipped="1">
  <testcase classname="Testings" name="Add" time="0.118"/>
  <system-out/>
  <testcase classname="Testings" name="Add" time="0.316"/>
  <system-out/>
  <testcase classname="Testings" name="Add" time="0.172"/>
  <system-out/>
  <testcase classname="Testings" name="Add" time="0.195"/>
  <system-out/>
  <testcase classname="Testings" name="Add" time="0.120"/>
  <system-out/>
  <testcase classname="Testings" name="Update" time="0.009"/>
  <system-out/>
  <testcase classname="Testings" name="git_data" time="0.144"/>
  <system-out/>
  <testcase classname="Testings" name="Delete">
    <skipped/>
  </testcase> <!-- Delete -->
  <system-out/>
</testsuite> <!-- Testings -->
